<?xml version='1.0'?>
<testsuites>

    <systeminfo
        devicetype="HIMEDIA_A31S"
        sdkversion="1.7.4-R-20150116.1054" />

    <testsuite>

        <testcase
            name="testFunMasterMainSetUp"
            classname="tv.fun.master.test.TestFunMasterMainInst"
            testresult="pass"
            time="22.140" />

        <testcase
            name="testFunMasterMainActivityUI"
            classname="tv.fun.master.test.TestFunMasterMainInst"
            testresult="pass"
            time="0.013" />

        <testcase
            name="testFunMasterMainActivityDefaultFocus"
            classname="tv.fun.master.test.TestFunMasterMainInst"
            testresult="pass"
            time="0.003" />

        <testcase
            name="testFunMasterMainTearDown"
            classname="tv.fun.master.test.TestFunMasterMainInst"
            testresult="pass"
            time="3.569" />

        <testcase
            name="testFunMasterGarbageClearSetUp"
            classname="tv.fun.master.test.TestFunMasterGarbageClearInst"
            testresult="pass"
            time="25.894" />

        <testcase
            name="testFunMasterGarbageResultsUI"
            classname="tv.fun.master.test.TestFunMasterGarbageClearInst"
            testresult="pass"
            time="1.012" />

        <testcase
            name="testFunMasterGarbageClearFinishButton"
            classname="tv.fun.master.test.TestFunMasterGarbageClearInst"
            testresult="pass"
            time="1.008" />

        <testcase
            name="testFunMasterGarbageClearBackToMain"
            classname="tv.fun.master.test.TestFunMasterGarbageClearInst"
            testresult="pass"
            time="3.594" />

        <testcase
            name="testFinalScoreAfterGarbageClearFinish"
            classname="tv.fun.master.test.TestFunMasterGarbageClearInst"
            testresult="pass"
            time="2.019" />

        <testcase
            name="testFunMasterGarbageClearTearDown"
            classname="tv.fun.master.test.TestFunMasterGarbageClearInst"
            testresult="pass"
            time="3.594" />

        <testcase
            name="testFunMasterDeviceInfoSetUp"
            classname="tv.fun.master.test.TestFunMasterDeviceInfoInst"
            testresult="pass"
            time="25.208" />

        <testcase
            name="testFunMasterDeviceInfoUIKeys"
            classname="tv.fun.master.test.TestFunMasterDeviceInfoInst"
            testresult="pass"
            time="0.007" />

        <testcase
            name="testFunMasterDeviceInfoBackToMain"
            classname="tv.fun.master.test.TestFunMasterDeviceInfoInst"
            testresult="pass"
            time="3.544" />

        <testcase
            name="testFunMasterDeviceInfoTearDown"
            classname="tv.fun.master.test.TestFunMasterDeviceInfoInst"
            testresult="pass"
            time="3.590" />

        <testcase
            name="testFunMasterNetworkSpeedTestSetUp"
            classname="tv.fun.master.test.TestFunMasterNetworkSpeedTestInst"
            testresult="pass"
            time="6.851" />

        <testcase
            name="testFunMasterNetworkCheckingUI"
            classname="tv.fun.master.test.TestFunMasterNetworkSpeedTestInst"
            testresult="fail" >

            <failure
                message="Verify checking network text failed."
                type="junit.framework.AssertionFailedError" >
				junit.framework.AssertionFailedError: Verify checking network text failed.
					at tv.fun.master.test.TestFunMasterNetworkSpeedTestInst.testFunMasterNetworkCheckingUI(TestFunMasterNetworkSpeedTestInst.java:70)
					at java.lang.reflect.Method.invokeNative(Native Method)
					at android.test.InstrumentationTestCase.runMethod(InstrumentationTestCase.java:214)
					at android.test.InstrumentationTestCase.runTest(InstrumentationTestCase.java:199)
					at android.test.ActivityInstrumentationTestCase2.runTest(ActivityInstrumentationTestCase2.java:192)
					at android.test.AndroidTestRunner.runTest(AndroidTestRunner.java:190)
					at android.test.AndroidTestRunner.runTest(AndroidTestRunner.java:175)
					at android.test.InstrumentationTestRunner.onStart(InstrumentationTestRunner.java:555)
					at tv.fun.master.testrunner.TestFunMasterRunnerBasic.onStart(TestFunMasterRunnerBasic.java:56)
					at android.app.Instrumentation$InstrumentationThread.run(Instrumentation.java:1661)
            </failure>
        </testcase>

        <testcase
            name="testFunMasterNetworkSpeedTestingUI"
            classname="tv.fun.master.test.TestFunMasterNetworkSpeedTestInst"
            testresult="pass"
            time="4.014" />

        <testcase
            name="testFunMasterNetworkSpeedTestResultsUI"
            classname="tv.fun.master.test.TestFunMasterNetworkSpeedTestInst"
            testresult="fail" >

            <failure
                message="java.lang.NullPointerException"
                type="java.lang.NullPointerException" >
				java.lang.NullPointerException: java.lang.NullPointerException
					at tv.fun.master.testutils.TestTasks.findUIElementById(TestTasks.java:119)
					at tv.fun.master.testutils.TestTasks.findUIElementById(TestTasks.java:108)
					at tv.fun.master.test.uiobjects.UiObjectFunMasterNetworkSpeedTestActivity.getNetworkSpeedRetestButton(UiObjectFunMasterNetworkSpeedTestActivity.java:28)
					at tv.fun.master.test.TestFunMasterNetworkSpeedTestInst.testFunMasterNetworkSpeedTestResultsUI(TestFunMasterNetworkSpeedTestInst.java:114)
					at java.lang.reflect.Method.invokeNative(Native Method)
					at android.test.InstrumentationTestCase.runMethod(InstrumentationTestCase.java:214)
					at android.test.InstrumentationTestCase.runTest(InstrumentationTestCase.java:199)
					at android.test.ActivityInstrumentationTestCase2.runTest(ActivityInstrumentationTestCase2.java:192)
					at android.test.AndroidTestRunner.runTest(AndroidTestRunner.java:190)
					at android.test.AndroidTestRunner.runTest(AndroidTestRunner.java:175)
					at android.test.InstrumentationTestRunner.onStart(InstrumentationTestRunner.java:555)
					at tv.fun.master.testrunner.TestFunMasterRunnerBasic.onStart(TestFunMasterRunnerBasic.java:56)
					at android.app.Instrumentation$InstrumentationThread.run(Instrumentation.java:1661)
            </failure>
        </testcase>

        <testcase
            name="testFunMasterNetworkSpeedTestBackToMain"
            classname="tv.fun.master.test.TestFunMasterNetworkSpeedTestInst"
            testresult="pass"
            time="2.564" />

        <testcase
            name="testFunMasterNetworkSpeedTestTearDown"
            classname="tv.fun.master.test.TestFunMasterNetworkSpeedTestInst"
            testresult="pass"
            time="3.565" />

        <testcase
            name="testFunMasterAutoLaunchManageSetUp"
            classname="tv.fun.master.test.TestFunMasterAutoLaunchManageInst"
            testresult="pass"
            time="27.574" />

        <testcase
            name="testFunMasterAutoLaunchManageUI"
            classname="tv.fun.master.test.TestFunMasterAutoLaunchManageInst"
            testresult="pass"
            time="1.015" />

        <testcase
            name="testFunMasterAutoLaunchManageAppsList"
            classname="tv.fun.master.test.TestFunMasterAutoLaunchManageInst"
            testresult="pass"
            time="0.005" />

        <testcase
            name="testFunMasterAutoLaunchManageOneKeyDisableAll"
            classname="tv.fun.master.test.TestFunMasterAutoLaunchManageInst"
            testresult="pass"
            time="4.061" />

        <testcase
            name="testFunMasterAutoLaunchManageBackToMain"
            classname="tv.fun.master.test.TestFunMasterAutoLaunchManageInst"
            testresult="pass"
            time="3.555" />

        <testcase
            name="testFunMasterAutoLaunchManageTearDown"
            classname="tv.fun.master.test.TestFunMasterAutoLaunchManageInst"
            testresult="pass"
            time="3.598" />

        <system-out />

        <system-err />
    </testsuite>

    <summary
        total="26"
        totalfailed="2"
        totalpass="24"
        totaltime="180.242" />

</testsuites>